[debug] [2023-05-26T17:45:16.343Z] ----------------------------------------------------------------------
[debug] [2023-05-26T17:45:16.345Z] Command:       /Users/ramadwiyantara/.nvm/versions/node/v16.15.1/bin/node /Users/ramadwiyantara/.nvm/versions/node/v16.15.1/bin/firebase init hosting
[debug] [2023-05-26T17:45:16.346Z] CLI Version:   12.2.1
[debug] [2023-05-26T17:45:16.346Z] Platform:      darwin
[debug] [2023-05-26T17:45:16.346Z] Node Version:  v16.15.1
[debug] [2023-05-26T17:45:16.352Z] Time:          Sat May 27 2023 00:45:16 GMT+0700 (Western Indonesia Time)
[debug] [2023-05-26T17:45:16.352Z] ----------------------------------------------------------------------
[debug] 
[debug] [2023-05-26T17:45:16.357Z] > command requires scopes: ["email","openid","https://www.googleapis.com/auth/cloudplatformprojects.readonly","https://www.googleapis.com/auth/firebase","https://www.googleapis.com/auth/cloud-platform"]
[debug] [2023-05-26T17:45:16.358Z] > authorizing via signed-in user (a217dsx2980@bangkit.academy)
[info] 
     ######## #### ########  ######## ########     ###     ######  ########
     ##        ##  ##     ## ##       ##     ##  ##   ##  ##       ##
     ######    ##  ########  ######   ########  #########  ######  ######
     ##        ##  ##    ##  ##       ##     ## ##     ##       ## ##
     ##       #### ##     ## ######## ########  ##     ##  ######  ########

You're about to initialize a Firebase project in this directory:

  /Users/ramadwiyantara/websites/Soilit

[info] 
=== Project Setup
[info] 
[info] First, let's associate this project directory with a Firebase project.
[info] You can create multiple project aliases by running firebase use --add, 
[info] but for now we'll just set up a default project.
[info] 
[debug] [2023-05-26T17:45:18.477Z] >>> [apiv2][query] GET https://firebase.googleapis.com/v1beta1/projects pageSize=100
[debug] [2023-05-26T17:45:19.633Z] <<< [apiv2][status] GET https://firebase.googleapis.com/v1beta1/projects 200
[debug] [2023-05-26T17:45:19.634Z] <<< [apiv2][body] GET https://firebase.googleapis.com/v1beta1/projects [omitted]
[info] i  Using project soilit (SoilIt!) 
[info] 
=== Hosting Setup
[info] 
[info] Your public directory is the folder (relative to your project directory) that
[info] will contain Hosting assets to be uploaded with firebase deploy. If you
[info] have a build process for your assets, use your build's output directory.
[info] 
[debug] [2023-05-26T17:45:36.141Z] >>> [apiv2][query] GET https://www.gstatic.com/firebasejs/releases.json [none]
[debug] [2023-05-26T17:45:36.256Z] <<< [apiv2][status] GET https://www.gstatic.com/firebasejs/releases.json 200
[debug] [2023-05-26T17:45:36.257Z] <<< [apiv2][body] GET https://www.gstatic.com/firebasejs/releases.json {"current":{"version":"9.22.1","browserURL":"https://www.gstatic.com/firebasejs/9.22.1/firebase.js","packageURL":"https://www.gstatic.com/firebasejs/9.22.1/firebase.tgz"},"live":{"version":"9.22","browserURL":"https://www.gstatic.com/firebasejs/live/9.22/firebase.js","packageURL":"https://www.gstatic.com/firebasejs/live/9.22/firebase.tgz"},"components":{"analytics":"https://www.gstatic.com/firebasejs/9.22.1/firebase-analytics.js","app":"https://www.gstatic.com/firebasejs/9.22.1/firebase-app.js","app-check":"https://www.gstatic.com/firebasejs/9.22.1/firebase-app-check.js","auth":"https://www.gstatic.com/firebasejs/9.22.1/firebase-auth.js","auth/cordova":"https://www.gstatic.com/firebasejs/9.22.1/firebase-auth/cordova.js","auth/react-native":"https://www.gstatic.com/firebasejs/9.22.1/firebase-auth/react-native.js","functions":"https://www.gstatic.com/firebasejs/9.22.1/firebase-functions.js","firestore":"https://www.gstatic.com/firebasejs/9.22.1/firebase-firestore.js","firestore/lite":"https://www.gstatic.com/firebasejs/9.22.1/firebase-firestore/lite.js","installations":"https://www.gstatic.com/firebasejs/9.22.1/firebase-installations.js","storage":"https://www.gstatic.com/firebasejs/9.22.1/firebase-storage.js","performance":"https://www.gstatic.com/firebasejs/9.22.1/firebase-performance.js","remote-config":"https://www.gstatic.com/firebasejs/9.22.1/firebase-remote-config.js","messaging":"https://www.gstatic.com/firebasejs/9.22.1/firebase-messaging.js","messaging/sw":"https://www.gstatic.com/firebasejs/9.22.1/firebase-messaging/sw.js","database":"https://www.gstatic.com/firebasejs/9.22.1/firebase-database.js","firestore.memory":"https://www.gstatic.com/firebasejs/9.22.1/firebase-firestore.memory.js"}}
[info] ✔  Wrote public/index.html 
[info] 
[info] i  Didn't detect a .git folder. Assuming /Users/ramadwiyantara/websites/Soilit is the project root. 
[info] i  Authorizing with GitHub to upload your service account to a GitHub repository's secrets store. 
[info] 
[info] Visit this URL on this device to log in:
[info] https://github.com/login/oauth/authorize?client_id=89cf50f02ac6aaed3484&state=759136696&redirect_uri=http%3A%2F%2Flocalhost%3A9005&scope=read%3Auser%20repo%20public_repo
[info] 
[info] Waiting for authentication...
[debug] [2023-05-26T17:46:07.710Z] >>> [apiv2][query] POST https://github.com/login/oauth/access_token [none]
[debug] [2023-05-26T17:46:07.712Z] >>> [apiv2][body] POST https://github.com/login/oauth/access_token [stream]
[debug] [2023-05-26T17:46:08.160Z] <<< [apiv2][status] POST https://github.com/login/oauth/access_token 200
[debug] [2023-05-26T17:46:08.160Z] <<< [apiv2][body] POST https://github.com/login/oauth/access_token {"access_token":"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","token_type":"bearer","scope":"read:user,repo"}
[debug] [2023-05-26T17:46:08.169Z] >>> [apiv2][query] GET https://api.github.com/user [none]
[debug] [2023-05-26T17:46:08.610Z] <<< [apiv2][status] GET https://api.github.com/user 200
[debug] [2023-05-26T17:46:08.610Z] <<< [apiv2][body] GET https://api.github.com/user {"login":"ramadperkasa","id":44853866,"node_id":"MDQ6VXNlcjQ0ODUzODY2","avatar_url":"https://avatars.githubusercontent.com/u/44853866?v=4","gravatar_id":"","url":"https://api.github.com/users/ramadperkasa","html_url":"https://github.com/ramadperkasa","followers_url":"https://api.github.com/users/ramadperkasa/followers","following_url":"https://api.github.com/users/ramadperkasa/following{/other_user}","gists_url":"https://api.github.com/users/ramadperkasa/gists{/gist_id}","starred_url":"https://api.github.com/users/ramadperkasa/starred{/owner}{/repo}","subscriptions_url":"https://api.github.com/users/ramadperkasa/subscriptions","organizations_url":"https://api.github.com/users/ramadperkasa/orgs","repos_url":"https://api.github.com/users/ramadperkasa/repos","events_url":"https://api.github.com/users/ramadperkasa/events{/privacy}","received_events_url":"https://api.github.com/users/ramadperkasa/received_events","type":"User","site_admin":false,"name":"Rama Dwiyantara Perkasa","company":"Bts.id (Intersolusi Teknologi Asia)","blog":"www.rama-dwiyantara.web.app","location":"Bandung, Indonesia","email":null,"hireable":null,"bio":null,"twitter_username":null,"public_repos":27,"public_gists":0,"followers":9,"following":14,"created_at":"2018-11-08T00:39:24Z","updated_at":"2023-05-09T11:37:50Z","private_gists":0,"total_private_repos":32,"owned_private_repos":32,"disk_usage":271906,"collaborators":5,"two_factor_authentication":true,"plan":{"name":"pro","space":976562499,"collaborators":0,"private_repos":9999}}
[info] 
[info] ✔  Success! Logged into GitHub as ramadperkasa 
[info] 
